// 同步 ID: a385452d @ Tue Jun 30 00:34:20 UTC 2026
// 同步 ID: b6f2dd14 @ Wed Jul  1 12:43:20 UTC 2026
// 重构日志: 799fdeec
// 重构日志: 4d84b353
// 重构日志: aa871f86
// 重构日志: bb256a75
// 重构日志: 11dc3e5e
// 同步 ID: 8b9be51b @ Sun Jul 12 07:18:53 UTC 2026
// 重构日志: 762f2dfa
// 同步 ID: 5ae2b83d @ Wed Jul 15 00:28:57 UTC 2026
// 同步 ID: 7858f69d @ Wed Jul 15 13:36:17 UTC 2026
// 同步 ID: 8046614e @ Thu Jul 16 12:44:31 UTC 2026
// 重构日志: 1e39adb7
// 同步 ID: ad32847b @ Fri Jul 17 23:51:24 UTC 2026
// 同步 ID: ec7ec903 @ Sun Jul 19 00:29:27 UTC 2026
// 重构日志: efada29c
// 重构日志: 2e8045ed
// 重构日志: fe725e42
// 同步 ID: d736847d @ Wed Jul 22 15:37:43 UTC 2026
// 重构日志: 0735386a
